[0721/195607:ERROR:process_info.cc(608)] range at 0xfffde000, size 0x230 fully unreadable
[0721/195611:ERROR:process_info.cc(608)] range at 0xfffdd000, size 0xf84 fully unreadable
[0721/195611:ERROR:process_info.cc(608)] range at 0xfffda000, size 0xf84 fully unreadable
[0721/195611:ERROR:process_info.cc(608)] range at 0xfffd7000, size 0xf84 fully unreadable
[0721/195611:ERROR:process_info.cc(608)] range at 0xfffaf000, size 0xf84 fully unreadable
[0721/195611:ERROR:process_info.cc(608)] range at 0xfffac000, size 0xf84 fully unreadable
[0721/195611:ERROR:process_info.cc(608)] range at 0xfffa9000, size 0xf84 fully unreadable
[0721/195611:ERROR:process_info.cc(608)] range at 0xfffa6000, size 0xf84 fully unreadable
[0721/195611:ERROR:process_info.cc(608)] range at 0xfffa3000, size 0xf84 fully unreadable
[0721/195611:ERROR:process_info.cc(608)] range at 0xfffa0000, size 0xf84 fully unreadable
[0721/195611:ERROR:process_info.cc(608)] range at 0xfff9d000, size 0xf84 fully unreadable
[0721/195611:ERROR:process_info.cc(608)] range at 0xfff9a000, size 0xf84 fully unreadable
[0721/195611:ERROR:process_info.cc(608)] range at 0xfff91000, size 0xf84 fully unreadable
[0721/195611:ERROR:process_info.cc(608)] range at 0xfff8e000, size 0xf84 fully unreadable
[0721/195611:ERROR:process_info.cc(608)] range at 0xfff8b000, size 0xf84 fully unreadable
[0721/195611:ERROR:process_info.cc(608)] range at 0xfff88000, size 0xf84 fully unreadable
[0721/195611:ERROR:process_info.cc(608)] range at 0xfff85000, size 0xf84 fully unreadable
[0721/195611:ERROR:process_info.cc(608)] range at 0xfff82000, size 0xf84 fully unreadable
[0721/195611:ERROR:process_info.cc(608)] range at 0xfff7f000, size 0xf84 fully unreadable
[0721/195611:ERROR:process_info.cc(608)] range at 0xfff7c000, size 0xf84 fully unreadable
[0721/195611:ERROR:process_info.cc(608)] range at 0xfff79000, size 0xf84 fully unreadable
[0721/195611:ERROR:process_info.cc(608)] range at 0xfff76000, size 0xf84 fully unreadable
[0721/195611:ERROR:process_info.cc(608)] range at 0xfff73000, size 0xf84 fully unreadable
[0721/195611:ERROR:process_info.cc(608)] range at 0xfff70000, size 0xf84 fully unreadable
[0721/195611:ERROR:process_info.cc(608)] range at 0xfff6d000, size 0xf84 fully unreadable
[0721/195611:ERROR:process_info.cc(608)] range at 0xfff6a000, size 0xf84 fully unreadable
[0721/195611:ERROR:process_info.cc(608)] range at 0xfff67000, size 0xf84 fully unreadable
[0721/195611:ERROR:process_info.cc(608)] range at 0xfff64000, size 0xf84 fully unreadable
[0721/195611:ERROR:process_info.cc(608)] range at 0xfff61000, size 0xf84 fully unreadable
[0721/195611:ERROR:process_info.cc(608)] range at 0xfff5e000, size 0xf84 fully unreadable
[0721/195611:ERROR:process_info.cc(608)] range at 0xfff5b000, size 0xf84 fully unreadable
[0721/195611:ERROR:process_info.cc(608)] range at 0xfff58000, size 0xf84 fully unreadable
[0721/195611:ERROR:process_info.cc(608)] range at 0xfff55000, size 0xf84 fully unreadable
[0721/195611:ERROR:process_info.cc(608)] range at 0xfff52000, size 0xf84 fully unreadable
[0721/195611:ERROR:process_info.cc(608)] range at 0xfff4f000, size 0xf84 fully unreadable
[0721/195611:ERROR:process_info.cc(608)] range at 0xfff4c000, size 0xf84 fully unreadable
[0721/195611:ERROR:process_info.cc(608)] range at 0xfff97000, size 0xf84 fully unreadable
[0721/195613:ERROR:process_reader_win.cc(232)] ReadMemory at 0x6e045000 of 16 bytes failed: Only part of a ReadProcessMemory or WriteProcessMemory request was completed. (0x12B)
[0721/195613:WARNING:pe_image_resource_reader.cc(241)] could not read resource directory from D:\Windows\WinSxS\x86_microsoft.windows.gdiplus_6595b64144ccf1df_1.1.7601.18120_none_72d2e82386681b36\gdiplus.dll resources
[0721/195613:ERROR:process_reader_win.cc(232)] ReadMemory at 0x69650000 of 64 bytes failed: Only part of a ReadProcessMemory or WriteProcessMemory request was completed. (0x12B)
[0721/195613:WARNING:pe_image_reader.cc(280)] could not read dos header from D:\Users\PATEL\AppData\Local\Google\Chrome\User Data\PepperFlash\22.0.0.209\pepflashplayer.dll
[0721/195613:ERROR:process_reader_win.cc(232)] ReadMemory at 0x734e0000 of 64 bytes failed: Only part of a ReadProcessMemory or WriteProcessMemory request was completed. (0x12B)
[0721/195613:WARNING:pe_image_reader.cc(280)] could not read dos header from D:\Windows\system32\dxva2.dll
[0721/195613:ERROR:process_reader_win.cc(232)] ReadMemory at 0x1350000 of 64 bytes failed: Only part of a ReadProcessMemory or WriteProcessMemory request was completed. (0x12B)
[0721/195613:WARNING:pe_image_reader.cc(280)] could not read dos header from D:\Program Files (x86)\Google\Chrome\Application\chrome.exe
[0721/195613:ERROR:process_reader_win.cc(232)] ReadMemory at 0x77090000 of 64 bytes failed: Only part of a ReadProcessMemory or WriteProcessMemory request was completed. (0x12B)
[0721/195613:WARNING:pe_image_reader.cc(280)] could not read dos header from D:\Windows\SysWOW64\ntdll.dll
[0721/195613:ERROR:process_reader_win.cc(232)] ReadMemory at 0x766c0000 of 64 bytes failed: Only part of a ReadProcessMemory or WriteProcessMemory request was completed. (0x12B)
[0721/195613:WARNING:pe_image_reader.cc(280)] could not read dos header from D:\Windows\syswow64\KERNELBASE.dll
[0721/195613:ERROR:process_reader_win.cc(232)] ReadMemory at 0x76220000 of 64 bytes failed: Only part of a ReadProcessMemory or WriteProcessMemory request was completed. (0x12B)
[0721/195613:WARNING:pe_image_reader.cc(280)] could not read dos header from D:\Windows\syswow64\kernel32.dll
[0721/195613:ERROR:process_reader_win.cc(232)] ReadMemory at 0x75a10000 of 64 bytes failed: Only part of a ReadProcessMemory or WriteProcessMemory request was completed. (0x12B)
[0721/195613:WARNING:pe_image_reader.cc(280)] could not read dos header from D:\Windows\syswow64\msvcrt.dll
[0721/195613:ERROR:process_reader_win.cc(232)] ReadMemory at 0x74ad0000 of 64 bytes failed: Only part of a ReadProcessMemory or WriteProcessMemory request was completed. (0x12B)
[0721/195613:WARNING:pe_image_reader.cc(280)] could not read dos header from D:\Windows\syswow64\CRYPTBASE.dll
[0721/195613:ERROR:process_reader_win.cc(232)] ReadMemory at 0x74ae0000 of 64 bytes failed: Only part of a ReadProcessMemory or WriteProcessMemory request was completed. (0x12B)
[0721/195613:WARNING:pe_image_reader.cc(280)] could not read dos header from D:\Windows\syswow64\SspiCli.dll
[0721/195613:ERROR:process_reader_win.cc(232)] ReadMemory at 0x76340000 of 64 bytes failed: Only part of a ReadProcessMemory or WriteProcessMemory request was completed. (0x12B)
[0721/195613:WARNING:pe_image_reader.cc(280)] could not read dos header from D:\Windows\syswow64\RPCRT4.dll
[0721/195613:ERROR:process_reader_win.cc(232)] ReadMemory at 0x76600000 of 64 bytes failed: Only part of a ReadProcessMemory or WriteProcessMemory request was completed. (0x12B)
[0721/195613:WARNING:pe_image_reader.cc(280)] could not read dos header from D:\Windows\SysWOW64\sechost.dll
[0721/195613:ERROR:process_reader_win.cc(232)] ReadMemory at 0x74c70000 of 64 bytes failed: Only part of a ReadProcessMemory or WriteProcessMemory request was completed. (0x12B)
[0721/195613:WARNING:pe_image_reader.cc(280)] could not read dos header from D:\Windows\syswow64\ADVAPI32.dll
[0721/195613:ERROR:process_reader_win.cc(232)] ReadMemory at 0x73960000 of 64 bytes failed: Only part of a ReadProcessMemory or WriteProcessMemory request was completed. (0x12B)
[0721/195613:WARNING:pe_image_reader.cc(280)] could not read dos header from D:\Program Files (x86)\Google\Chrome\Application\51.0.2704.103\chrome_elf.dll
[0721/195613:ERROR:process_reader_win.cc(232)] ReadMemory at 0x73300000 of 64 bytes failed: Only part of a ReadProcessMemory or WriteProcessMemory request was completed. (0x12B)
[0721/195613:WARNING:pe_image_reader.cc(280)] could not read dos header from D:\Windows\system32\VERSION.dll
[0721/195613:ERROR:process_reader_win.cc(232)] ReadMemory at 0x75b00000 of 64 bytes failed: Only part of a ReadProcessMemory or WriteProcessMemory request was completed. (0x12B)
[0721/195613:WARNING:pe_image_reader.cc(280)] could not read dos header from D:\Windows\syswow64\USP10.dll
[0721/195613:ERROR:process_reader_win.cc(232)] ReadMemory at 0x76040000 of 64 bytes failed: Only part of a ReadProcessMemory or WriteProcessMemory request was completed. (0x12B)
[0721/195613:WARNING:pe_image_reader.cc(280)] could not read dos header from D:\Windows\syswow64\LPK.dll
[0721/195613:ERROR:process_reader_win.cc(232)] ReadMemory at 0x75980000 of 64 bytes failed: Only part of a ReadProcessMemory or WriteProcessMemory request was completed. (0x12B)
[0721/195613:WARNING:pe_image_reader.cc(280)] could not read dos header from D:\Windows\syswow64\GDI32.dll
[0721/195613:ERROR:process_reader_win.cc(232)] ReadMemory at 0x76910000 of 64 bytes failed: Only part of a ReadProcessMemory or WriteProcessMemory request was completed. (0x12B)
[0721/195613:WARNING:pe_image_reader.cc(280)] could not read dos header from D:\Windows\syswow64\USER32.dll
[0721/195613:ERROR:process_reader_win.cc(232)] ReadMemory at 0x72600000 of 64 bytes failed: Only part of a ReadProcessMemory or WriteProcessMemory request was completed. (0x12B)
[0721/195613:WARNING:pe_image_reader.cc(280)] could not read dos header from D:\Windows\system32\WINMM.dll
[0721/195613:ERROR:process_reader_win.cc(232)] ReadMemory at 0x732d0000 of 64 bytes failed: Only part of a ReadProcessMemory or WriteProcessMemory request was completed. (0x12B)
[0721/195613:WARNING:pe_image_reader.cc(280)] could not read dos header from D:\Windows\system32\profapi.dll
[0721/195613:ERROR:process_reader_win.cc(232)] ReadMemory at 0x732e0000 of 64 bytes failed: Only part of a ReadProcessMemory or WriteProcessMemory request was completed. (0x12B)
[0721/195613:WARNING:pe_image_reader.cc(280)] could not read dos header from D:\Windows\system32\USERENV.dll
[0721/195613:ERROR:process_reader_win.cc(232)] ReadMemory at 0x71f60000 of 64 bytes failed: Only part of a ReadProcessMemory or WriteProcessMemory request was completed. (0x12B)
[0721/195613:WARNING:pe_image_reader.cc(280)] could not read dos header from D:\Windows\system32\WTSAPI32.dll
[0721/195613:ERROR:process_reader_win.cc(232)] ReadMemory at 0x71d70000 of 64 bytes failed: Only part of a ReadProcessMemory or WriteProcessMemory request was completed. (0x12B)
[0721/195613:WARNING:pe_image_reader.cc(280)] could not read dos header from D:\Windows\system32\webio.dll
[0721/195613:ERROR:process_reader_win.cc(232)] ReadMemory at 0x71d00000 of 64 bytes failed: Only part of a ReadProcessMemory or WriteProcessMemory request was completed. (0x12B)
[0721/195613:WARNING:pe_image_reader.cc(280)] could not read dos header from D:\Windows\system32\WINHTTP.dll
[0721/195613:ERROR:process_reader_win.cc(232)] ReadMemory at 0x75f50000 of 64 bytes failed: Only part of a ReadProcessMemory or WriteProcessMemory request was completed. (0x12B)
[0721/195613:WARNING:pe_image_reader.cc(280)] could not read dos header from D:\Windows\syswow64\MSCTF.dll
[0721/195613:ERROR:process_reader_win.cc(232)] ReadMemory at 0x76a10000 of 64 bytes failed: Only part of a ReadProcessMemory or WriteProcessMemory request was completed. (0x12B)
[0721/195613:WARNING:pe_image_reader.cc(280)] could not read dos header from D:\Windows\system32\IMM32.DLL
[0721/195613:ERROR:process_reader_win.cc(232)] ReadMemory at 0x768b0000 of 64 bytes failed: Only part of a ReadProcessMemory or WriteProcessMemory request was completed. (0x12B)
[0721/195613:WARNING:pe_image_reader.cc(280)] could not read dos header from D:\Windows\syswow64\SHLWAPI.dll
[0721/195613:ERROR:process_reader_win.cc(232)] ReadMemory at 0x74d10000 of 64 bytes failed: Only part of a ReadProcessMemory or WriteProcessMemory request was completed. (0x12B)
[0721/195613:WARNING:pe_image_reader.cc(280)] could not read dos header from D:\Windows\syswow64\SHELL32.dll
[0721/195613:ERROR:process_reader_win.cc(232)] ReadMemory at 0x76330000 of 64 bytes failed: Only part of a ReadProcessMemory or WriteProcessMemory request was completed. (0x12B)
[0721/195613:WARNING:pe_image_reader.cc(280)] could not read dos header from D:\Windows\syswow64\PSAPI.DLL
[0721/195613:ERROR:process_reader_win.cc(232)] ReadMemory at 0x72640000 of 64 bytes failed: Only part of a ReadProcessMemory or WriteProcessMemory request was completed. (0x12B)
[0721/195613:WARNING:pe_image_reader.cc(280)] could not read dos header from D:\Windows\system32\WINSPOOL.DRV
[0721/195613:ERROR:process_reader_win.cc(232)] ReadMemory at 0x722a0000 of 64 bytes failed: Only part of a ReadProcessMemory or WriteProcessMemory request was completed. (0x12B)
[0721/195613:WARNING:pe_image_reader.cc(280)] could not read dos header from D:\Windows\WinSxS\x86_microsoft.windows.common-controls_6595b64144ccf1df_6.0.7601.17514_none_41e6975e2bd6f2b2\COMCTL32.dll
[0721/195613:ERROR:process_reader_win.cc(232)] ReadMemory at 0x76190000 of 64 bytes failed: Only part of a ReadProcessMemory or WriteProcessMemory request was completed. (0x12B)
[0721/195613:WARNING:pe_image_reader.cc(280)] could not read dos header from D:\Windows\syswow64\COMDLG32.dll
[0721/195613:ERROR:process_reader_win.cc(232)] ReadMemory at 0x76aa0000 of 64 bytes failed: Only part of a ReadProcessMemory or WriteProcessMemory request was completed. (0x12B)
[0721/195613:WARNING:pe_image_reader.cc(280)] could not read dos header from D:\Windows\syswow64\ole32.dll
[0721/195613:ERROR:process_reader_win.cc(232)] ReadMemory at 0x76620000 of 64 bytes failed: Only part of a ReadProcessMemory or WriteProcessMemory request was completed. (0x12B)
[0721/195613:WARNING:pe_image_reader.cc(280)] could not read dos header from D:\Windows\syswow64\OLEAUT32.dll
[0721/195613:ERROR:process_reader_win.cc(232)] ReadMemory at 0x76030000 of 64 bytes failed: Only part of a ReadProcessMemory or WriteProcessMemory request was completed. (0x12B)
[0721/195613:WARNING:pe_image_reader.cc(280)] could not read dos header from D:\Windows\syswow64\NSI.dll
[0721/195613:ERROR:process_reader_win.cc(232)] ReadMemory at 0x73360000 of 64 bytes failed: Only part of a ReadProcessMemory or WriteProcessMemory request was completed. (0x12B)
[0721/195613:WARNING:pe_image_reader.cc(280)] could not read dos header from D:\Windows\system32\WINNSI.DLL
[0721/195613:ERROR:process_reader_win.cc(232)] ReadMemory at 0x73370000 of 64 bytes failed: Only part of a ReadProcessMemory or WriteProcessMemory request was completed. (0x12B)
[0721/195613:WARNING:pe_image_reader.cc(280)] could not read dos header from D:\Windows\system32\IPHLPAPI.DLL
[0721/195613:ERROR:process_reader_win.cc(232)] ReadMemory at 0x760e0000 of 64 bytes failed: Only part of a ReadProcessMemory or WriteProcessMemory request was completed. (0x12B)
[0721/195613:WARNING:pe_image_reader.cc(280)] could not read dos header from D:\Windows\syswow64\WS2_32.dll
[0721/195613:ERROR:process_reader_win.cc(232)] ReadMemory at 0x76430000 of 64 bytes failed: Only part of a ReadProcessMemory or WriteProcessMemory request was completed. (0x12B)
[0721/195613:WARNING:pe_image_reader.cc(280)] could not read dos header from D:\Windows\syswow64\MSASN1.dll
[0721/195613:ERROR:process_reader_win.cc(232)] ReadMemory at 0x75be0000 of 64 bytes failed: Only part of a ReadProcessMemory or WriteProcessMemory request was completed. (0x12B)
[0721/195613:WARNING:pe_image_reader.cc(280)] could not read dos header from D:\Windows\syswow64\CRYPT32.dll
[0721/195613:ERROR:process_reader_win.cc(232)] ReadMemory at 0x75ac0000 of 64 bytes failed: Only part of a ReadProcessMemory or WriteProcessMemory request was completed. (0x12B)
[0721/195613:WARNING:pe_image_reader.cc(280)] could not read dos header from D:\Windows\syswow64\WINTRUST.dll
[0721/195613:ERROR:process_reader_win.cc(232)] ReadMemory at 0x71f00000 of 64 bytes failed: Only part of a ReadProcessMemory or WriteProcessMemory request was completed. (0x12B)
[0721/195613:WARNING:pe_image_reader.cc(280)] could not read dos header from D:\Windows\system32\Secur32.dll
[0721/195613:ERROR:process_reader_win.cc(232)] ReadMemory at 0x571e0000 of 64 bytes failed: Only part of a ReadProcessMemory or WriteProcessMemory request was completed. (0x12B)
[0721/195613:WARNING:pe_image_reader.cc(280)] could not read dos header from D:\Program Files (x86)\Google\Chrome\Application\51.0.2704.103\chrome_child.dll
[0721/195613:ERROR:process_reader_win.cc(232)] ReadMemory at 0x6ded0000 of 64 bytes failed: Only part of a ReadProcessMemory or WriteProcessMemory request was completed. (0x12B)
[0721/195613:WARNING:pe_image_reader.cc(280)] could not read dos header from D:\Windows\WinSxS\x86_microsoft.windows.gdiplus_6595b64144ccf1df_1.1.7601.18120_none_72d2e82386681b36\gdiplus.dll
[0721/195613:ERROR:process_reader_win.cc(232)] ReadMemory at 0x69650000 of 64 bytes failed: Only part of a ReadProcessMemory or WriteProcessMemory request was completed. (0x12B)
[0721/195613:WARNING:pe_image_reader.cc(280)] could not read dos header from D:\Users\PATEL\AppData\Local\Google\Chrome\User Data\PepperFlash\22.0.0.209\pepflashplayer.dll
[0721/195613:ERROR:process_reader_win.cc(232)] ReadMemory at 0x734e0000 of 64 bytes failed: Only part of a ReadProcessMemory or WriteProcessMemory request was completed. (0x12B)
[0721/195613:WARNING:pe_image_reader.cc(280)] could not read dos header from D:\Windows\system32\dxva2.dll
[0721/195613:ERROR:process_reader_win.cc(232)] ReadMemory at 0x1350000 of 64 bytes failed: Only part of a ReadProcessMemory or WriteProcessMemory request was completed. (0x12B)
[0721/195613:WARNING:pe_image_reader.cc(280)] could not read dos header from D:\Program Files (x86)\Google\Chrome\Application\chrome.exe
[0721/195613:ERROR:process_reader_win.cc(232)] ReadMemory at 0x77090000 of 64 bytes failed: Only part of a ReadProcessMemory or WriteProcessMemory request was completed. (0x12B)
[0721/195613:WARNING:pe_image_reader.cc(280)] could not read dos header from D:\Windows\SysWOW64\ntdll.dll
[0721/195613:ERROR:process_reader_win.cc(232)] ReadMemory at 0x766c0000 of 64 bytes failed: Only part of a ReadProcessMemory or WriteProcessMemory request was completed. (0x12B)
[0721/195613:WARNING:pe_image_reader.cc(280)] could not read dos header from D:\Windows\syswow64\KERNELBASE.dll
[0721/195613:ERROR:process_reader_win.cc(232)] ReadMemory at 0x76220000 of 64 bytes failed: Only part of a ReadProcessMemory or WriteProcessMemory request was completed. (0x12B)
[0721/195613:WARNING:pe_image_reader.cc(280)] could not read dos header from D:\Windows\syswow64\kernel32.dll
[0721/195613:ERROR:process_reader_win.cc(232)] ReadMemory at 0x75a10000 of 64 bytes failed: Only part of a ReadProcessMemory or WriteProcessMemory request was completed. (0x12B)
[0721/195613:WARNING:pe_image_reader.cc(280)] could not read dos header from D:\Windows\syswow64\msvcrt.dll
[0721/195613:ERROR:process_reader_win.cc(232)] ReadMemory at 0x74ad0000 of 64 bytes failed: Only part of a ReadProcessMemory or WriteProcessMemory request was completed. (0x12B)
[0721/195613:WARNING:pe_image_reader.cc(280)] could not read dos header from D:\Windows\syswow64\CRYPTBASE.dll
[0721/195613:ERROR:process_reader_win.cc(232)] ReadMemory at 0x74ae0000 of 64 bytes failed: Only part of a ReadProcessMemory or WriteProcessMemory request was completed. (0x12B)
[0721/195613:WARNING:pe_image_reader.cc(280)] could not read dos header from D:\Windows\syswow64\SspiCli.dll
[0721/195613:ERROR:process_reader_win.cc(232)] ReadMemory at 0x76340000 of 64 bytes failed: Only part of a ReadProcessMemory or WriteProcessMemory request was completed. (0x12B)
[0721/195613:WARNING:pe_image_reader.cc(280)] could not read dos header from D:\Windows\syswow64\RPCRT4.dll
[0721/195613:ERROR:process_reader_win.cc(232)] ReadMemory at 0x76600000 of 64 bytes failed: Only part of a ReadProcessMemory or WriteProcessMemory request was completed. (0x12B)
[0721/195613:WARNING:pe_image_reader.cc(280)] could not read dos header from D:\Windows\SysWOW64\sechost.dll
[0721/195613:ERROR:process_reader_win.cc(232)] ReadMemory at 0x74c70000 of 64 bytes failed: Only part of a ReadProcessMemory or WriteProcessMemory request was completed. (0x12B)
[0721/195613:WARNING:pe_image_reader.cc(280)] could not read dos header from D:\Windows\syswow64\ADVAPI32.dll
[0721/195613:ERROR:process_reader_win.cc(232)] ReadMemory at 0x73960000 of 64 bytes failed: Only part of a ReadProcessMemory or WriteProcessMemory request was completed. (0x12B)
[0721/195613:WARNING:pe_image_reader.cc(280)] could not read dos header from D:\Program Files (x86)\Google\Chrome\Application\51.0.2704.103\chrome_elf.dll
[0721/195613:ERROR:process_reader_win.cc(232)] ReadMemory at 0x73300000 of 64 bytes failed: Only part of a ReadProcessMemory or WriteProcessMemory request was completed. (0x12B)
[0721/195613:WARNING:pe_image_reader.cc(280)] could not read dos header from D:\Windows\system32\VERSION.dll
[0721/195613:ERROR:process_reader_win.cc(232)] ReadMemory at 0x75b00000 of 64 bytes failed: Only part of a ReadProcessMemory or WriteProcessMemory request was completed. (0x12B)
[0721/195613:WARNING:pe_image_reader.cc(280)] could not read dos header from D:\Windows\syswow64\USP10.dll
[0721/195613:ERROR:process_reader_win.cc(232)] ReadMemory at 0x76040000 of 64 bytes failed: Only part of a ReadProcessMemory or WriteProcessMemory request was completed. (0x12B)
[0721/195613:WARNING:pe_image_reader.cc(280)] could not read dos header from D:\Windows\syswow64\LPK.dll
[0721/195613:ERROR:process_reader_win.cc(232)] ReadMemory at 0x75980000 of 64 bytes failed: Only part of a ReadProcessMemory or WriteProcessMemory request was completed. (0x12B)
[0721/195613:WARNING:pe_image_reader.cc(280)] could not read dos header from D:\Windows\syswow64\GDI32.dll
[0721/195613:ERROR:process_reader_win.cc(232)] ReadMemory at 0x76910000 of 64 bytes failed: Only part of a ReadProcessMemory or WriteProcessMemory request was completed. (0x12B)
[0721/195613:WARNING:pe_image_reader.cc(280)] could not read dos header from D:\Windows\syswow64\USER32.dll
[0721/195613:ERROR:process_reader_win.cc(232)] ReadMemory at 0x72600000 of 64 bytes failed: Only part of a ReadProcessMemory or WriteProcessMemory request was completed. (0x12B)
[0721/195613:WARNING:pe_image_reader.cc(280)] could not read dos header from D:\Windows\system32\WINMM.dll
[0721/195613:ERROR:process_reader_win.cc(232)] ReadMemory at 0x732d0000 of 64 bytes failed: Only part of a ReadProcessMemory or WriteProcessMemory request was completed. (0x12B)
[0721/195613:WARNING:pe_image_reader.cc(280)] could not read dos header from D:\Windows\system32\profapi.dll
[0721/195613:ERROR:process_reader_win.cc(232)] ReadMemory at 0x732e0000 of 64 bytes failed: Only part of a ReadProcessMemory or WriteProcessMemory request was completed. (0x12B)
[0721/195613:WARNING:pe_image_reader.cc(280)] could not read dos header from D:\Windows\system32\USERENV.dll
[0721/195613:ERROR:process_reader_win.cc(232)] ReadMemory at 0x71f60000 of 64 bytes failed: Only part of a ReadProcessMemory or WriteProcessMemory request was completed. (0x12B)
[0721/195613:WARNING:pe_image_reader.cc(280)] could not read dos header from D:\Windows\system32\WTSAPI32.dll
[0721/195613:ERROR:process_reader_win.cc(232)] ReadMemory at 0x71d70000 of 64 bytes failed: Only part of a ReadProcessMemory or WriteProcessMemory request was completed. (0x12B)
[0721/195613:WARNING:pe_image_reader.cc(280)] could not read dos header from D:\Windows\system32\webio.dll
[0721/195613:ERROR:process_reader_win.cc(232)] ReadMemory at 0x71d00000 of 64 bytes failed: Only part of a ReadProcessMemory or WriteProcessMemory request was completed. (0x12B)
[0721/195613:WARNING:pe_image_reader.cc(280)] could not read dos header from D:\Windows\system32\WINHTTP.dll
[0721/195613:ERROR:process_reader_win.cc(232)] ReadMemory at 0x75f50000 of 64 bytes failed: Only part of a ReadProcessMemory or WriteProcessMemory request was completed. (0x12B)
[0721/195613:WARNING:pe_image_reader.cc(280)] could not read dos header from D:\Windows\syswow64\MSCTF.dll
[0721/195613:ERROR:process_reader_win.cc(232)] ReadMemory at 0x76a10000 of 64 bytes failed: Only part of a ReadProcessMemory or WriteProcessMemory request was completed. (0x12B)
[0721/195613:WARNING:pe_image_reader.cc(280)] could not read dos header from D:\Windows\system32\IMM32.DLL
[0721/195613:ERROR:process_reader_win.cc(232)] ReadMemory at 0x768b0000 of 64 bytes failed: Only part of a ReadProcessMemory or WriteProcessMemory request was completed. (0x12B)
[0721/195613:WARNING:pe_image_reader.cc(280)] could not read dos header from D:\Windows\syswow64\SHLWAPI.dll
[0721/195613:ERROR:process_reader_win.cc(232)] ReadMemory at 0x74d10000 of 64 bytes failed: Only part of a ReadProcessMemory or WriteProcessMemory request was completed. (0x12B)
[0721/195613:WARNING:pe_image_reader.cc(280)] could not read dos header from D:\Windows\syswow64\SHELL32.dll
[0721/195613:ERROR:process_reader_win.cc(232)] ReadMemory at 0x76330000 of 64 bytes failed: Only part of a ReadProcessMemory or WriteProcessMemory request was completed. (0x12B)
[0721/195613:WARNING:pe_image_reader.cc(280)] could not read dos header from D:\Windows\syswow64\PSAPI.DLL
[0721/195613:ERROR:process_reader_win.cc(232)] ReadMemory at 0x72640000 of 64 bytes failed: Only part of a ReadProcessMemory or WriteProcessMemory request was completed. (0x12B)
[0721/195613:WARNING:pe_image_reader.cc(280)] could not read dos header from D:\Windows\system32\WINSPOOL.DRV
[0721/195613:ERROR:process_reader_win.cc(232)] ReadMemory at 0x722a0000 of 64 bytes failed: Only part of a ReadProcessMemory or WriteProcessMemory request was completed. (0x12B)
[0721/195613:WARNING:pe_image_reader.cc(280)] could not read dos header from D:\Windows\WinSxS\x86_microsoft.windows.common-controls_6595b64144ccf1df_6.0.7601.17514_none_41e6975e2bd6f2b2\COMCTL32.dll
[0721/195613:ERROR:process_reader_win.cc(232)] ReadMemory at 0x76190000 of 64 bytes failed: Only part of a ReadProcessMemory or WriteProcessMemory request was completed. (0x12B)
[0721/195613:WARNING:pe_image_reader.cc(280)] could not read dos header from D:\Windows\syswow64\COMDLG32.dll
[0721/195613:ERROR:process_reader_win.cc(232)] ReadMemory at 0x76aa0000 of 64 bytes failed: Only part of a ReadProcessMemory or WriteProcessMemory request was completed. (0x12B)
[0721/195613:WARNING:pe_image_reader.cc(280)] could not read dos header from D:\Windows\syswow64\ole32.dll
[0721/195613:ERROR:process_reader_win.cc(232)] ReadMemory at 0x76620000 of 64 bytes failed: Only part of a ReadProcessMemory or WriteProcessMemory request was completed. (0x12B)
[0721/195613:WARNING:pe_image_reader.cc(280)] could not read dos header from D:\Windows\syswow64\OLEAUT32.dll
[0721/195613:ERROR:process_reader_win.cc(232)] ReadMemory at 0x76030000 of 64 bytes failed: Only part of a ReadProcessMemory or WriteProcessMemory request was completed. (0x12B)
[0721/195613:WARNING:pe_image_reader.cc(280)] could not read dos header from D:\Windows\syswow64\NSI.dll
[0721/195613:ERROR:process_reader_win.cc(232)] ReadMemory at 0x73360000 of 64 bytes failed: Only part of a ReadProcessMemory or WriteProcessMemory request was completed. (0x12B)
[0721/195613:WARNING:pe_image_reader.cc(280)] could not read dos header from D:\Windows\system32\WINNSI.DLL
[0721/195613:ERROR:process_reader_win.cc(232)] ReadMemory at 0x73370000 of 64 bytes failed: Only part of a ReadProcessMemory or WriteProcessMemory request was completed. (0x12B)
[0721/195613:WARNING:pe_image_reader.cc(280)] could not read dos header from D:\Windows\system32\IPHLPAPI.DLL
[0721/195613:ERROR:process_reader_win.cc(232)] ReadMemory at 0x760e0000 of 64 bytes failed: Only part of a ReadProcessMemory or WriteProcessMemory request was completed. (0x12B)
[0721/195613:WARNING:pe_image_reader.cc(280)] could not read dos header from D:\Windows\syswow64\WS2_32.dll
[0721/195613:ERROR:process_reader_win.cc(232)] ReadMemory at 0x76430000 of 64 bytes failed: Only part of a ReadProcessMemory or WriteProcessMemory request was completed. (0x12B)
[0721/195613:WARNING:pe_image_reader.cc(280)] could not read dos header from D:\Windows\syswow64\MSASN1.dll
[0721/195613:ERROR:process_reader_win.cc(232)] ReadMemory at 0x75be0000 of 64 bytes failed: Only part of a ReadProcessMemory or WriteProcessMemory request was completed. (0x12B)
[0721/195613:WARNING:pe_image_reader.cc(280)] could not read dos header from D:\Windows\syswow64\CRYPT32.dll
[0721/195613:ERROR:process_reader_win.cc(232)] ReadMemory at 0x75ac0000 of 64 bytes failed: Only part of a ReadProcessMemory or WriteProcessMemory request was completed. (0x12B)
[0721/195613:WARNING:pe_image_reader.cc(280)] could not read dos header from D:\Windows\syswow64\WINTRUST.dll
[0721/195613:ERROR:process_reader_win.cc(232)] ReadMemory at 0x71f00000 of 64 bytes failed: Only part of a ReadProcessMemory or WriteProcessMemory request was completed. (0x12B)
[0721/195613:WARNING:pe_image_reader.cc(280)] could not read dos header from D:\Windows\system32\Secur32.dll
[0721/195613:ERROR:process_reader_win.cc(232)] ReadMemory at 0x571e0000 of 64 bytes failed: Only part of a ReadProcessMemory or WriteProcessMemory request was completed. (0x12B)
[0721/195613:WARNING:pe_image_reader.cc(280)] could not read dos header from D:\Program Files (x86)\Google\Chrome\Application\51.0.2704.103\chrome_child.dll
[0721/195613:ERROR:process_reader_win.cc(232)] ReadMemory at 0x6ded0000 of 64 bytes failed: Only part of a ReadProcessMemory or WriteProcessMemory request was completed. (0x12B)
[0721/195613:WARNING:pe_image_reader.cc(280)] could not read dos header from D:\Windows\WinSxS\x86_microsoft.windows.gdiplus_6595b64144ccf1df_1.1.7601.18120_none_72d2e82386681b36\gdiplus.dll
[0721/195613:ERROR:process_reader_win.cc(232)] ReadMemory at 0x69650000 of 64 bytes failed: Only part of a ReadProcessMemory or WriteProcessMemory request was completed. (0x12B)
[0721/195613:WARNING:pe_image_reader.cc(280)] could not read dos header from D:\Users\PATEL\AppData\Local\Google\Chrome\User Data\PepperFlash\22.0.0.209\pepflashplayer.dll
[0721/195613:ERROR:process_reader_win.cc(232)] ReadMemory at 0x734e0000 of 64 bytes failed: Only part of a ReadProcessMemory or WriteProcessMemory request was completed. (0x12B)
[0721/195613:WARNING:pe_image_reader.cc(280)] could not read dos header from D:\Windows\system32\dxva2.dll
[0721/195626:ERROR:process_reader_win.cc(232)] ReadMemory at 0x38b000 of 20480 bytes failed: Only part of a ReadProcessMemory or WriteProcessMemory request was completed. (0x12B)
[0721/195626:ERROR:crash_report_exception_handler.cc(102)] WriteEverything failed
[0721/195626:ERROR:scoped_process_suspend.cc(38)] NtResumeProcess, ntstatus=-1073741558
[0722/113143:ERROR:process_info.cc(608)] range at 0xfffde000, size 0x230 fully unreadable
[0722/113153:ERROR:process_info.cc(608)] range at 0xfffdd000, size 0xf84 fully unreadable
[0722/113153:ERROR:process_info.cc(608)] range at 0xfffda000, size 0xf84 fully unreadable
[0722/113153:ERROR:process_info.cc(608)] range at 0xfffaf000, size 0xf84 fully unreadable
[0722/113153:ERROR:process_info.cc(608)] range at 0xfffd7000, size 0xf84 fully unreadable
[0722/113153:ERROR:process_info.cc(608)] range at 0xfffac000, size 0xf84 fully unreadable
[0722/113153:ERROR:process_info.cc(608)] range at 0xfffa9000, size 0xf84 fully unreadable
[0722/113153:ERROR:process_info.cc(608)] range at 0xfffa6000, size 0xf84 fully unreadable
[0722/113153:ERROR:process_info.cc(608)] range at 0xfffa3000, size 0xf84 fully unreadable
[0722/113153:ERROR:process_info.cc(608)] range at 0xfffa0000, size 0xf84 fully unreadable
[0722/113153:ERROR:process_info.cc(608)] range at 0xfff9d000, size 0xf84 fully unreadable
[0722/113153:ERROR:process_info.cc(608)] range at 0xfff9a000, size 0xf84 fully unreadable
[0722/113153:ERROR:process_info.cc(608)] range at 0xfff97000, size 0xf84 fully unreadable
[0722/113153:ERROR:process_info.cc(608)] range at 0xfff94000, size 0xf84 fully unreadable
[0722/113153:ERROR:process_info.cc(608)] range at 0xfff8e000, size 0xf84 fully unreadable
[0722/113153:ERROR:process_info.cc(608)] range at 0xfff8b000, size 0xf84 fully unreadable
[0722/113153:ERROR:process_info.cc(608)] range at 0xfff88000, size 0xf84 fully unreadable
